<?xml version="1.0" encoding="UTF-8"?>
<!-- Generated by org.testng.reporters.JUnitReportReporter -->
<testsuite hostname="DELL" failures="0" tests="11" name="org.hhp.testCases.HeaderTest" time="0.353" errors="1" timestamp="2022-04-04T16:38:21 GMT-07:00" skipped="10">
  <testcase classname="org.hhp.testCases.HeaderTest" name="verifyWhyHHPMenu" time="0.000">
    <skipped/>
  </testcase> <!-- verifyWhyHHPMenu -->
  <system-out/>
  <testcase classname="org.hhp.testCases.HeaderTest" name="logoClickTest" time="0.000">
    <skipped/>
  </testcase> <!-- logoClickTest -->
  <system-out/>
  <testcase classname="org.hhp.testCases.HeaderTest" name="verifyNewsMenu" time="0.000">
    <skipped/>
  </testcase> <!-- verifyNewsMenu -->
  <system-out/>
  <testcase classname="org.hhp.testCases.HeaderTest" name="setup" time="0.353">
    <error message="The driver executable does not exist: C:\Eclipse Workspace\HHP-AutomationTesting\hhp\Eclipse WorkspaceHHP-AutomationTestinghhpDriverschromedriver.exe" type="java.lang.IllegalStateException">
      <![CDATA[java.lang.IllegalStateException: The driver executable does not exist: C:\Eclipse Workspace\HHP-AutomationTesting\hhp\Eclipse WorkspaceHHP-AutomationTestinghhpDriverschromedriver.exe
at com.google.common.base.Preconditions.checkState(Preconditions.java:585)
at org.openqa.selenium.remote.service.DriverService.checkExecutable(DriverService.java:137)
at org.openqa.selenium.remote.service.DriverService.findExecutable(DriverService.java:132)
at org.openqa.selenium.chrome.ChromeDriverService.access$000(ChromeDriverService.java:35)
at org.openqa.selenium.chrome.ChromeDriverService$Builder.findDefaultExecutable(ChromeDriverService.java:156)
at org.openqa.selenium.remote.service.DriverService$Builder.build(DriverService.java:346)
at org.openqa.selenium.chrome.ChromeDriverService.createDefaultService(ChromeDriverService.java:91)
at org.openqa.selenium.chrome.ChromeDriver.<init>(ChromeDriver.java:157)
at org.hhp.testCases.BaseClass.setup(BaseClass.java:46)
at java.base/jdk.internal.reflect.NativeMethodAccessorImpl.invoke0(Native Method)
at java.base/jdk.internal.reflect.NativeMethodAccessorImpl.invoke(NativeMethodAccessorImpl.java:77)
at java.base/jdk.internal.reflect.DelegatingMethodAccessorImpl.invoke(DelegatingMethodAccessorImpl.java:43)
at java.base/java.lang.reflect.Method.invoke(Method.java:568)
at org.testng.internal.MethodInvocationHelper.invokeMethod(MethodInvocationHelper.java:133)
at org.testng.internal.MethodInvocationHelper.invokeMethodConsideringTimeout(MethodInvocationHelper.java:62)
at org.testng.internal.ConfigInvoker.invokeConfigurationMethod(ConfigInvoker.java:385)
at org.testng.internal.ConfigInvoker.invokeConfigurations(ConfigInvoker.java:321)
at org.testng.TestRunner.invokeTestConfigurations(TestRunner.java:637)
at org.testng.TestRunner.beforeRun(TestRunner.java:627)
at org.testng.TestRunner.run(TestRunner.java:589)
at org.testng.SuiteRunner.runTest(SuiteRunner.java:377)
at org.testng.SuiteRunner.runSequentially(SuiteRunner.java:371)
at org.testng.SuiteRunner.privateRun(SuiteRunner.java:332)
at org.testng.SuiteRunner.run(SuiteRunner.java:276)
at org.testng.SuiteRunnerWorker.runSuite(SuiteRunnerWorker.java:53)
at org.testng.SuiteRunnerWorker.run(SuiteRunnerWorker.java:96)
at org.testng.TestNG.runSuitesSequentially(TestNG.java:1212)
at org.testng.TestNG.runSuitesLocally(TestNG.java:1134)
at org.testng.TestNG.runSuites(TestNG.java:1063)
at org.testng.TestNG.run(TestNG.java:1031)
at org.apache.maven.surefire.testng.TestNGExecutor.run(TestNGExecutor.java:283)
at org.apache.maven.surefire.testng.TestNGXmlTestSuite.execute(TestNGXmlTestSuite.java:75)
at org.apache.maven.surefire.testng.TestNGProvider.invoke(TestNGProvider.java:120)
at org.apache.maven.surefire.booter.ForkedBooter.invokeProviderInSameClassLoader(ForkedBooter.java:384)
at org.apache.maven.surefire.booter.ForkedBooter.runSuitesInProcess(ForkedBooter.java:345)
at org.apache.maven.surefire.booter.ForkedBooter.execute(ForkedBooter.java:126)
at org.apache.maven.surefire.booter.ForkedBooter.main(ForkedBooter.java:418)
]]>
    </error>
  </testcase> <!-- setup -->
  <system-out/>
  <testcase classname="org.hhp.testCases.HeaderTest" name="headerSetup" time="0.000">
    <skipped/>
  </testcase> <!-- headerSetup -->
  <system-out/>
  <testcase classname="org.hhp.testCases.HeaderTest" name="verifyHowToHelpMenu" time="0.000">
    <skipped/>
  </testcase> <!-- verifyHowToHelpMenu -->
  <system-out/>
  <testcase classname="org.hhp.testCases.HeaderTest" name="verifyMedDisLnk" time="0.000">
    <skipped/>
  </testcase> <!-- verifyMedDisLnk -->
  <system-out/>
  <testcase classname="org.hhp.testCases.HeaderTest" name="verifyWhatWeDoLnk" time="0.000">
    <skipped/>
  </testcase> <!-- verifyWhatWeDoLnk -->
  <system-out/>
  <testcase classname="org.hhp.testCases.HeaderTest" name="verifyLogo" time="0.000">
    <skipped/>
  </testcase> <!-- verifyLogo -->
  <system-out/>
  <testcase classname="org.hhp.testCases.HeaderTest" name="verifyWhoWeAreLnk" time="0.000">
    <skipped/>
  </testcase> <!-- verifyWhoWeAreLnk -->
  <system-out/>
  <testcase classname="org.hhp.testCases.HeaderTest" name="verifyLoginBtn" time="0.000">
    <skipped/>
  </testcase> <!-- verifyLoginBtn -->
  <system-out/>
</testsuite> <!-- org.hhp.testCases.HeaderTest -->
