<!DOCTYPE html PUBLIC "-//W3C//DTD XHTML 1.1//EN" "https://www.w3.org/TR/xhtml11/DTD/xhtml11.dtd">
<html xmlns="https://www.w3.org/1999/xhtml">
<head>
<meta http-equiv="content-type" content="text/html; charset=UTF-8"/>
<title>TestNG Report</title>
<style type="text/css">table {margin-bottom:10px;border-collapse:collapse;empty-cells:show}th,td {border:1px solid #009;padding:.25em .5em}th {vertical-align:bottom}td {vertical-align:top}table a {font-weight:bold}.stripe td {background-color: #E6EBF9}.num {text-align:right}.passedodd td {background-color: #3F3}.passedeven td {background-color: #0A0}.skippedodd td {background-color: #DDD}.skippedeven td {background-color: #CCC}.failedodd td,.attn {background-color: #F33}.failedeven td,.stripe .attn {background-color: #D00}.stacktrace {white-space:pre;font-family:monospace}.totop {font-size:85%;text-align:center;border-bottom:2px solid #000}.invisible {display:none}</style>
</head>
<body>
<table>
<tr><th>Test</th><th># Passed</th><th># Skipped</th><th># Retried</th><th># Failed</th><th>Time (ms)</th><th>Included Groups</th><th>Excluded Groups</th></tr>
<tr><th colspan="8">HHP</th></tr>
<tr><td><a href="#t0">DonatePageTest</a></td><td class="num">0</td><td class="num attn">40</td><td class="num">0</td><td class="num">0</td><td class="num">738</td><td></td><td></td></tr>
</table>
<table id='summary'><thead><tr><th>Class</th><th>Method</th><th>Start</th><th>Time (ms)</th></tr></thead><tbody><tr><th colspan="4">HHP</th></tr></tbody><tbody id="t0"><tr><th colspan="4">DonatePageTest &#8212; failed (configuration methods)</th></tr><tr class="failedeven"><td rowspan="1">org.hhp.testCases.HeaderTest</td><td><a href="#m0">setup</a></td><td rowspan="1">1649115500884</td><td rowspan="1">353</td></tr><tr><th colspan="4">DonatePageTest &#8212; skipped (configuration methods)</th></tr><tr class="skippedeven"><td rowspan="1">org.hhp.testCases.HeaderTest</td><td><a href="#m1">tearDown</a></td><td rowspan="1">1649115501605</td><td rowspan="1">-1649115501605</td></tr><tr><th colspan="4">DonatePageTest &#8212; skipped</th></tr><tr class="skippedeven"><td rowspan="17">org.hhp.testCases.FooterTest</td><td><a href="#m2">footer_Setup</a></td><td rowspan="1">1649115501577</td><td rowspan="1">0</td></tr><tr class="skippedeven"><td><a href="#m3">verify_Footer_Column1_Chart</a></td><td rowspan="1">1649115501581</td><td rowspan="1">1</td></tr><tr class="skippedeven"><td><a href="#m4">verify_Footer_Column1_Title</a></td><td rowspan="1">1649115501582</td><td rowspan="1">0</td></tr><tr class="skippedeven"><td><a href="#m5">verify_Footer_Column2_Text</a></td><td rowspan="1">1649115501583</td><td rowspan="1">1</td></tr><tr class="skippedeven"><td><a href="#m6">verify_Footer_Column2_Title</a></td><td rowspan="1">1649115501584</td><td rowspan="1">0</td></tr><tr class="skippedeven"><td><a href="#m7">verify_Footer_Column3_Facebook_Icon</a></td><td rowspan="1">1649115501587</td><td rowspan="1">0</td></tr><tr class="skippedeven"><td><a href="#m8">verify_Footer_Column3_Instagram_Icon</a></td><td rowspan="1">1649115501589</td><td rowspan="1">0</td></tr><tr class="skippedeven"><td><a href="#m9">verify_Footer_Column3_LinkedIn_Icon</a></td><td rowspan="1">1649115501590</td><td rowspan="1">0</td></tr><tr class="skippedeven"><td><a href="#m10">verify_Footer_Column3_QLinks_Text</a></td><td rowspan="1">1649115501592</td><td rowspan="1">0</td></tr><tr class="skippedeven"><td><a href="#m11">verify_Footer_Column3_Title</a></td><td rowspan="1">1649115501593</td><td rowspan="1">0</td></tr><tr class="skippedeven"><td><a href="#m12">verify_Footer_Column3_Twitter_Icon</a></td><td rowspan="1">1649115501595</td><td rowspan="1">0</td></tr><tr class="skippedeven"><td><a href="#m13">verify_Footer_ContactUs_Link</a></td><td rowspan="1">1649115501596</td><td rowspan="1">0</td></tr><tr class="skippedeven"><td><a href="#m14">verify_Footer_MedicalDisclaimer_Link</a></td><td rowspan="1">1649115501596</td><td rowspan="1">0</td></tr><tr class="skippedeven"><td><a href="#m15">verify_Footer_PrivacyPolicy_Link</a></td><td rowspan="1">1649115501599</td><td rowspan="1">1</td></tr><tr class="skippedeven"><td><a href="#m16">verify_Footer_TermsofService_Link</a></td><td rowspan="1">1649115501600</td><td rowspan="1">0</td></tr><tr class="skippedeven"><td><a href="#m17">verify_Greatnonprofits_Image</a></td><td rowspan="1">1649115501601</td><td rowspan="1">0</td></tr><tr class="skippedeven"><td><a href="#m18">verify_Guidestar_Image</a></td><td rowspan="1">1649115501604</td><td rowspan="1">0</td></tr><tr class="skippedodd"><td rowspan="10">org.hhp.testCases.HeaderTest</td><td><a href="#m19">headerSetup</a></td><td rowspan="1">1649115501499</td><td rowspan="1">0</td></tr><tr class="skippedodd"><td><a href="#m20">logoClickTest</a></td><td rowspan="1">1649115501548</td><td rowspan="1">0</td></tr><tr class="skippedodd"><td><a href="#m21">verifyHowToHelpMenu</a></td><td rowspan="1">1649115501527</td><td rowspan="1">0</td></tr><tr class="skippedodd"><td><a href="#m22">verifyLoginBtn</a></td><td rowspan="1">1649115501529</td><td rowspan="1">0</td></tr><tr class="skippedodd"><td><a href="#m23">verifyLogo</a></td><td rowspan="1">1649115501530</td><td rowspan="1">0</td></tr><tr class="skippedodd"><td><a href="#m24">verifyMedDisLnk</a></td><td rowspan="1">1649115501531</td><td rowspan="1">0</td></tr><tr class="skippedodd"><td><a href="#m25">verifyNewsMenu</a></td><td rowspan="1">1649115501533</td><td rowspan="1">0</td></tr><tr class="skippedodd"><td><a href="#m26">verifyWhatWeDoLnk</a></td><td rowspan="1">1649115501536</td><td rowspan="1">0</td></tr><tr class="skippedodd"><td><a href="#m27">verifyWhoWeAreLnk</a></td><td rowspan="1">1649115501538</td><td rowspan="1">0</td></tr><tr class="skippedodd"><td><a href="#m28">verifyWhyHHPMenu</a></td><td rowspan="1">1649115501540</td><td rowspan="1">0</td></tr><tr class="skippedeven"><td rowspan="13">org.hhp.testCases.TC_DonatePageTest_003</td><td><a href="#m29">donatePageSetup</a></td><td rowspan="1">1649115501551</td><td rowspan="1">0</td></tr><tr class="skippedeven"><td><a href="#m30">verify_Education_Image</a></td><td rowspan="1">1649115501554</td><td rowspan="1">0</td></tr><tr class="skippedeven"><td><a href="#m31">verify_Education_Text</a></td><td rowspan="1">1649115501556</td><td rowspan="1">1</td></tr><tr class="skippedeven"><td><a href="#m32">verify_Equality_Image</a></td><td rowspan="1">1649115501558</td><td rowspan="1">0</td></tr><tr class="skippedeven"><td><a href="#m33">verify_GiveToday_Btn</a></td><td rowspan="1">1649115501559</td><td rowspan="1">0</td></tr><tr class="skippedeven"><td><a href="#m34">verify_GiveToday_Image</a></td><td rowspan="1">1649115501561</td><td rowspan="1">0</td></tr><tr class="skippedeven"><td><a href="#m35">verify_Information_Image</a></td><td rowspan="1">1649115501562</td><td rowspan="1">0</td></tr><tr class="skippedeven"><td><a href="#m36">verify_Information_Text</a></td><td rowspan="1">1649115501563</td><td rowspan="1">0</td></tr><tr class="skippedeven"><td><a href="#m37">verify_Row1_Column1_Text1</a></td><td rowspan="1">1649115501565</td><td rowspan="1">0</td></tr><tr class="skippedeven"><td><a href="#m38">verify_Row1_Column1_Text2</a></td><td rowspan="1">1649115501566</td><td rowspan="1">0</td></tr><tr class="skippedeven"><td><a href="#m39">verify_Row3_Text</a></td><td rowspan="1">1649115501569</td><td rowspan="1">0</td></tr><tr class="skippedeven"><td><a href="#m40">verify_Support_Image</a></td><td rowspan="1">1649115501570</td><td rowspan="1">0</td></tr><tr class="skippedeven"><td><a href="#m41">verify_Support_Text</a></td><td rowspan="1">1649115501571</td><td rowspan="1">0</td></tr></tbody>
</table>
<h2>DonatePageTest</h2><h3 id="m0">org.hhp.testCases.HeaderTest#setup</h3><table class="result"><tr class="param"><th>Parameter #1</th></tr><tr class="param stripe"><td>chrome</td></tr><tr><th>Exception</th></tr><tr><td><div class="stacktrace">java.lang.IllegalStateException: The driver executable does not exist: C:\Eclipse Workspace\HHP-AutomationTesting\hhp\Eclipse WorkspaceHHP-AutomationTestinghhpDriverschromedriver.exe
	at com.google.common.base.Preconditions.checkState(Preconditions.java:585)
	at org.openqa.selenium.remote.service.DriverService.checkExecutable(DriverService.java:137)
	at org.openqa.selenium.remote.service.DriverService.findExecutable(DriverService.java:132)
	at org.openqa.selenium.chrome.ChromeDriverService.access$000(ChromeDriverService.java:35)
	at org.openqa.selenium.chrome.ChromeDriverService$Builder.findDefaultExecutable(ChromeDriverService.java:156)
	at org.openqa.selenium.remote.service.DriverService$Builder.build(DriverService.java:346)
	at org.openqa.selenium.chrome.ChromeDriverService.createDefaultService(ChromeDriverService.java:91)
	at org.openqa.selenium.chrome.ChromeDriver.&lt;init&gt;(ChromeDriver.java:157)
	at org.hhp.testCases.BaseClass.setup(BaseClass.java:46)
... Removed 28 stack frames</div></td></tr></table><p class="totop"><a href="#summary">back to summary</a></p>
<h3 id="m1">org.hhp.testCases.HeaderTest#tearDown</h3><table class="result"><tr><th class="invisible"/></tr></table><p class="totop"><a href="#summary">back to summary</a></p>
<h3 id="m2">org.hhp.testCases.FooterTest#footer_Setup</h3><table class="result"><tr><th>Exception</th></tr><tr><td><div class="stacktrace">java.lang.IllegalStateException: The driver executable does not exist: C:\Eclipse Workspace\HHP-AutomationTesting\hhp\Eclipse WorkspaceHHP-AutomationTestinghhpDriverschromedriver.exe
	at com.google.common.base.Preconditions.checkState(Preconditions.java:585)
	at org.openqa.selenium.remote.service.DriverService.checkExecutable(DriverService.java:137)
	at org.openqa.selenium.remote.service.DriverService.findExecutable(DriverService.java:132)
	at org.openqa.selenium.chrome.ChromeDriverService.access$000(ChromeDriverService.java:35)
	at org.openqa.selenium.chrome.ChromeDriverService$Builder.findDefaultExecutable(ChromeDriverService.java:156)
	at org.openqa.selenium.remote.service.DriverService$Builder.build(DriverService.java:346)
	at org.openqa.selenium.chrome.ChromeDriverService.createDefaultService(ChromeDriverService.java:91)
	at org.openqa.selenium.chrome.ChromeDriver.&lt;init&gt;(ChromeDriver.java:157)
	at org.hhp.testCases.BaseClass.setup(BaseClass.java:46)
... Removed 28 stack frames</div></td></tr></table><p class="totop"><a href="#summary">back to summary</a></p>
<h3 id="m3">org.hhp.testCases.FooterTest#verify_Footer_Column1_Chart</h3><table class="result"><tr><th>Exception</th></tr><tr><td><div class="stacktrace">java.lang.Throwable: Method FooterTest.verify_Footer_Column1_Chart()[pri:0, instance:org.hhp.testCases.FooterTest@61230f6a] depends on not successfully finished methods
	at java.base/java.util.ArrayList.forEach(ArrayList.java:1511)
... Removed 22 stack frames</div></td></tr></table><p class="totop"><a href="#summary">back to summary</a></p>
<h3 id="m4">org.hhp.testCases.FooterTest#verify_Footer_Column1_Title</h3><table class="result"><tr><th>Exception</th></tr><tr><td><div class="stacktrace">java.lang.Throwable: Method FooterTest.verify_Footer_Column1_Title()[pri:0, instance:org.hhp.testCases.FooterTest@61230f6a] depends on not successfully finished methods
	at java.base/java.util.ArrayList.forEach(ArrayList.java:1511)
... Removed 22 stack frames</div></td></tr></table><p class="totop"><a href="#summary">back to summary</a></p>
<h3 id="m5">org.hhp.testCases.FooterTest#verify_Footer_Column2_Text</h3><table class="result"><tr><th>Exception</th></tr><tr><td><div class="stacktrace">java.lang.Throwable: Method FooterTest.verify_Footer_Column2_Text()[pri:0, instance:org.hhp.testCases.FooterTest@61230f6a] depends on not successfully finished methods
	at java.base/java.util.ArrayList.forEach(ArrayList.java:1511)
... Removed 22 stack frames</div></td></tr></table><p class="totop"><a href="#summary">back to summary</a></p>
<h3 id="m6">org.hhp.testCases.FooterTest#verify_Footer_Column2_Title</h3><table class="result"><tr><th>Exception</th></tr><tr><td><div class="stacktrace">java.lang.Throwable: Method FooterTest.verify_Footer_Column2_Title()[pri:0, instance:org.hhp.testCases.FooterTest@61230f6a] depends on not successfully finished methods
	at java.base/java.util.ArrayList.forEach(ArrayList.java:1511)
... Removed 22 stack frames</div></td></tr></table><p class="totop"><a href="#summary">back to summary</a></p>
<h3 id="m7">org.hhp.testCases.FooterTest#verify_Footer_Column3_Facebook_Icon</h3><table class="result"><tr><th>Exception</th></tr><tr><td><div class="stacktrace">java.lang.Throwable: Method FooterTest.verify_Footer_Column3_Facebook_Icon()[pri:0, instance:org.hhp.testCases.FooterTest@61230f6a] depends on not successfully finished methods
	at java.base/java.util.ArrayList.forEach(ArrayList.java:1511)
... Removed 22 stack frames</div></td></tr></table><p class="totop"><a href="#summary">back to summary</a></p>
<h3 id="m8">org.hhp.testCases.FooterTest#verify_Footer_Column3_Instagram_Icon</h3><table class="result"><tr><th>Exception</th></tr><tr><td><div class="stacktrace">java.lang.Throwable: Method FooterTest.verify_Footer_Column3_Instagram_Icon()[pri:0, instance:org.hhp.testCases.FooterTest@61230f6a] depends on not successfully finished methods
	at java.base/java.util.ArrayList.forEach(ArrayList.java:1511)
... Removed 22 stack frames</div></td></tr></table><p class="totop"><a href="#summary">back to summary</a></p>
<h3 id="m9">org.hhp.testCases.FooterTest#verify_Footer_Column3_LinkedIn_Icon</h3><table class="result"><tr><th>Exception</th></tr><tr><td><div class="stacktrace">java.lang.Throwable: Method FooterTest.verify_Footer_Column3_LinkedIn_Icon()[pri:0, instance:org.hhp.testCases.FooterTest@61230f6a] depends on not successfully finished methods
	at java.base/java.util.ArrayList.forEach(ArrayList.java:1511)
... Removed 22 stack frames</div></td></tr></table><p class="totop"><a href="#summary">back to summary</a></p>
<h3 id="m10">org.hhp.testCases.FooterTest#verify_Footer_Column3_QLinks_Text</h3><table class="result"><tr><th>Exception</th></tr><tr><td><div class="stacktrace">java.lang.Throwable: Method FooterTest.verify_Footer_Column3_QLinks_Text()[pri:0, instance:org.hhp.testCases.FooterTest@61230f6a] depends on not successfully finished methods
	at java.base/java.util.ArrayList.forEach(ArrayList.java:1511)
... Removed 22 stack frames</div></td></tr></table><p class="totop"><a href="#summary">back to summary</a></p>
<h3 id="m11">org.hhp.testCases.FooterTest#verify_Footer_Column3_Title</h3><table class="result"><tr><th>Exception</th></tr><tr><td><div class="stacktrace">java.lang.Throwable: Method FooterTest.verify_Footer_Column3_Title()[pri:0, instance:org.hhp.testCases.FooterTest@61230f6a] depends on not successfully finished methods
	at java.base/java.util.ArrayList.forEach(ArrayList.java:1511)
... Removed 22 stack frames</div></td></tr></table><p class="totop"><a href="#summary">back to summary</a></p>
<h3 id="m12">org.hhp.testCases.FooterTest#verify_Footer_Column3_Twitter_Icon</h3><table class="result"><tr><th>Exception</th></tr><tr><td><div class="stacktrace">java.lang.Throwable: Method FooterTest.verify_Footer_Column3_Twitter_Icon()[pri:0, instance:org.hhp.testCases.FooterTest@61230f6a] depends on not successfully finished methods
	at java.base/java.util.ArrayList.forEach(ArrayList.java:1511)
... Removed 22 stack frames</div></td></tr></table><p class="totop"><a href="#summary">back to summary</a></p>
<h3 id="m13">org.hhp.testCases.FooterTest#verify_Footer_ContactUs_Link</h3><table class="result"><tr><th>Exception</th></tr><tr><td><div class="stacktrace">java.lang.Throwable: Method FooterTest.verify_Footer_ContactUs_Link()[pri:0, instance:org.hhp.testCases.FooterTest@61230f6a] depends on not successfully finished methods
	at java.base/java.util.ArrayList.forEach(ArrayList.java:1511)
... Removed 22 stack frames</div></td></tr></table><p class="totop"><a href="#summary">back to summary</a></p>
<h3 id="m14">org.hhp.testCases.FooterTest#verify_Footer_MedicalDisclaimer_Link</h3><table class="result"><tr><th>Exception</th></tr><tr><td><div class="stacktrace">java.lang.Throwable: Method FooterTest.verify_Footer_MedicalDisclaimer_Link()[pri:0, instance:org.hhp.testCases.FooterTest@61230f6a] depends on not successfully finished methods
	at java.base/java.util.ArrayList.forEach(ArrayList.java:1511)
... Removed 22 stack frames</div></td></tr></table><p class="totop"><a href="#summary">back to summary</a></p>
<h3 id="m15">org.hhp.testCases.FooterTest#verify_Footer_PrivacyPolicy_Link</h3><table class="result"><tr><th>Exception</th></tr><tr><td><div class="stacktrace">java.lang.Throwable: Method FooterTest.verify_Footer_PrivacyPolicy_Link()[pri:0, instance:org.hhp.testCases.FooterTest@61230f6a] depends on not successfully finished methods
	at java.base/java.util.ArrayList.forEach(ArrayList.java:1511)
... Removed 22 stack frames</div></td></tr></table><p class="totop"><a href="#summary">back to summary</a></p>
<h3 id="m16">org.hhp.testCases.FooterTest#verify_Footer_TermsofService_Link</h3><table class="result"><tr><th>Exception</th></tr><tr><td><div class="stacktrace">java.lang.Throwable: Method FooterTest.verify_Footer_TermsofService_Link()[pri:0, instance:org.hhp.testCases.FooterTest@61230f6a] depends on not successfully finished methods
	at java.base/java.util.ArrayList.forEach(ArrayList.java:1511)
... Removed 22 stack frames</div></td></tr></table><p class="totop"><a href="#summary">back to summary</a></p>
<h3 id="m17">org.hhp.testCases.FooterTest#verify_Greatnonprofits_Image</h3><table class="result"><tr><th>Exception</th></tr><tr><td><div class="stacktrace">java.lang.Throwable: Method FooterTest.verify_Greatnonprofits_Image()[pri:0, instance:org.hhp.testCases.FooterTest@61230f6a] depends on not successfully finished methods
	at java.base/java.util.ArrayList.forEach(ArrayList.java:1511)
... Removed 22 stack frames</div></td></tr></table><p class="totop"><a href="#summary">back to summary</a></p>
<h3 id="m18">org.hhp.testCases.FooterTest#verify_Guidestar_Image</h3><table class="result"><tr><th>Exception</th></tr><tr><td><div class="stacktrace">java.lang.Throwable: Method FooterTest.verify_Guidestar_Image()[pri:0, instance:org.hhp.testCases.FooterTest@61230f6a] depends on not successfully finished methods
	at java.base/java.util.ArrayList.forEach(ArrayList.java:1511)
... Removed 22 stack frames</div></td></tr></table><p class="totop"><a href="#summary">back to summary</a></p>
<h3 id="m19">org.hhp.testCases.HeaderTest#headerSetup</h3><table class="result"><tr class="param"><th>Parameter #1</th></tr><tr class="param stripe"><td>/paypal-donate/</td></tr><tr><th>Exception</th></tr><tr><td><div class="stacktrace">java.lang.IllegalStateException: The driver executable does not exist: C:\Eclipse Workspace\HHP-AutomationTesting\hhp\Eclipse WorkspaceHHP-AutomationTestinghhpDriverschromedriver.exe
	at com.google.common.base.Preconditions.checkState(Preconditions.java:585)
	at org.openqa.selenium.remote.service.DriverService.checkExecutable(DriverService.java:137)
	at org.openqa.selenium.remote.service.DriverService.findExecutable(DriverService.java:132)
	at org.openqa.selenium.chrome.ChromeDriverService.access$000(ChromeDriverService.java:35)
	at org.openqa.selenium.chrome.ChromeDriverService$Builder.findDefaultExecutable(ChromeDriverService.java:156)
	at org.openqa.selenium.remote.service.DriverService$Builder.build(DriverService.java:346)
	at org.openqa.selenium.chrome.ChromeDriverService.createDefaultService(ChromeDriverService.java:91)
	at org.openqa.selenium.chrome.ChromeDriver.&lt;init&gt;(ChromeDriver.java:157)
	at org.hhp.testCases.BaseClass.setup(BaseClass.java:46)
... Removed 28 stack frames</div></td></tr></table><p class="totop"><a href="#summary">back to summary</a></p>
<h3 id="m20">org.hhp.testCases.HeaderTest#logoClickTest</h3><table class="result"><tr><th>Exception</th></tr><tr><td><div class="stacktrace">java.lang.Throwable: Method HeaderTest.logoClickTest()[pri:0, instance:org.hhp.testCases.HeaderTest@6f96c77] depends on not successfully finished methods
	at java.base/java.util.ArrayList.forEach(ArrayList.java:1511)
... Removed 22 stack frames</div></td></tr></table><p class="totop"><a href="#summary">back to summary</a></p>
<h3 id="m21">org.hhp.testCases.HeaderTest#verifyHowToHelpMenu</h3><table class="result"><tr><th>Exception</th></tr><tr><td><div class="stacktrace">java.lang.Throwable: Method HeaderTest.verifyHowToHelpMenu()[pri:0, instance:org.hhp.testCases.HeaderTest@6f96c77] depends on not successfully finished methods
	at java.base/java.util.ArrayList.forEach(ArrayList.java:1511)
... Removed 22 stack frames</div></td></tr></table><p class="totop"><a href="#summary">back to summary</a></p>
<h3 id="m22">org.hhp.testCases.HeaderTest#verifyLoginBtn</h3><table class="result"><tr><th>Exception</th></tr><tr><td><div class="stacktrace">java.lang.Throwable: Method HeaderTest.verifyLoginBtn()[pri:0, instance:org.hhp.testCases.HeaderTest@6f96c77] depends on not successfully finished methods
	at java.base/java.util.ArrayList.forEach(ArrayList.java:1511)
... Removed 22 stack frames</div></td></tr></table><p class="totop"><a href="#summary">back to summary</a></p>
<h3 id="m23">org.hhp.testCases.HeaderTest#verifyLogo</h3><table class="result"><tr><th>Exception</th></tr><tr><td><div class="stacktrace">java.lang.Throwable: Method HeaderTest.verifyLogo()[pri:0, instance:org.hhp.testCases.HeaderTest@6f96c77] depends on not successfully finished methods
	at java.base/java.util.ArrayList.forEach(ArrayList.java:1511)
... Removed 22 stack frames</div></td></tr></table><p class="totop"><a href="#summary">back to summary</a></p>
<h3 id="m24">org.hhp.testCases.HeaderTest#verifyMedDisLnk</h3><table class="result"><tr><th>Exception</th></tr><tr><td><div class="stacktrace">java.lang.Throwable: Method HeaderTest.verifyMedDisLnk()[pri:0, instance:org.hhp.testCases.HeaderTest@6f96c77] depends on not successfully finished methods
	at java.base/java.util.ArrayList.forEach(ArrayList.java:1511)
... Removed 22 stack frames</div></td></tr></table><p class="totop"><a href="#summary">back to summary</a></p>
<h3 id="m25">org.hhp.testCases.HeaderTest#verifyNewsMenu</h3><table class="result"><tr><th>Exception</th></tr><tr><td><div class="stacktrace">java.lang.Throwable: Method HeaderTest.verifyNewsMenu()[pri:0, instance:org.hhp.testCases.HeaderTest@6f96c77] depends on not successfully finished methods
	at java.base/java.util.ArrayList.forEach(ArrayList.java:1511)
... Removed 22 stack frames</div></td></tr></table><p class="totop"><a href="#summary">back to summary</a></p>
<h3 id="m26">org.hhp.testCases.HeaderTest#verifyWhatWeDoLnk</h3><table class="result"><tr><th>Exception</th></tr><tr><td><div class="stacktrace">java.lang.Throwable: Method HeaderTest.verifyWhatWeDoLnk()[pri:0, instance:org.hhp.testCases.HeaderTest@6f96c77] depends on not successfully finished methods
	at java.base/java.util.ArrayList.forEach(ArrayList.java:1511)
... Removed 22 stack frames</div></td></tr></table><p class="totop"><a href="#summary">back to summary</a></p>
<h3 id="m27">org.hhp.testCases.HeaderTest#verifyWhoWeAreLnk</h3><table class="result"><tr><th>Exception</th></tr><tr><td><div class="stacktrace">java.lang.Throwable: Method HeaderTest.verifyWhoWeAreLnk()[pri:0, instance:org.hhp.testCases.HeaderTest@6f96c77] depends on not successfully finished methods
	at java.base/java.util.ArrayList.forEach(ArrayList.java:1511)
... Removed 22 stack frames</div></td></tr></table><p class="totop"><a href="#summary">back to summary</a></p>
<h3 id="m28">org.hhp.testCases.HeaderTest#verifyWhyHHPMenu</h3><table class="result"><tr><th>Exception</th></tr><tr><td><div class="stacktrace">java.lang.Throwable: Method HeaderTest.verifyWhyHHPMenu()[pri:0, instance:org.hhp.testCases.HeaderTest@6f96c77] depends on not successfully finished methods
	at java.base/java.util.ArrayList.forEach(ArrayList.java:1511)
... Removed 22 stack frames</div></td></tr></table><p class="totop"><a href="#summary">back to summary</a></p>
<h3 id="m29">org.hhp.testCases.TC_DonatePageTest_003#donatePageSetup</h3><table class="result"><tr><th>Exception</th></tr><tr><td><div class="stacktrace">java.lang.IllegalStateException: The driver executable does not exist: C:\Eclipse Workspace\HHP-AutomationTesting\hhp\Eclipse WorkspaceHHP-AutomationTestinghhpDriverschromedriver.exe
	at com.google.common.base.Preconditions.checkState(Preconditions.java:585)
	at org.openqa.selenium.remote.service.DriverService.checkExecutable(DriverService.java:137)
	at org.openqa.selenium.remote.service.DriverService.findExecutable(DriverService.java:132)
	at org.openqa.selenium.chrome.ChromeDriverService.access$000(ChromeDriverService.java:35)
	at org.openqa.selenium.chrome.ChromeDriverService$Builder.findDefaultExecutable(ChromeDriverService.java:156)
	at org.openqa.selenium.remote.service.DriverService$Builder.build(DriverService.java:346)
	at org.openqa.selenium.chrome.ChromeDriverService.createDefaultService(ChromeDriverService.java:91)
	at org.openqa.selenium.chrome.ChromeDriver.&lt;init&gt;(ChromeDriver.java:157)
	at org.hhp.testCases.BaseClass.setup(BaseClass.java:46)
... Removed 28 stack frames</div></td></tr></table><p class="totop"><a href="#summary">back to summary</a></p>
<h3 id="m30">org.hhp.testCases.TC_DonatePageTest_003#verify_Education_Image</h3><table class="result"><tr><th>Exception</th></tr><tr><td><div class="stacktrace">java.lang.Throwable: Method TC_DonatePageTest_003.verify_Education_Image()[pri:0, instance:org.hhp.testCases.TC_DonatePageTest_003@418e7838] depends on not successfully finished methods
	at java.base/java.util.ArrayList.forEach(ArrayList.java:1511)
... Removed 22 stack frames</div></td></tr></table><p class="totop"><a href="#summary">back to summary</a></p>
<h3 id="m31">org.hhp.testCases.TC_DonatePageTest_003#verify_Education_Text</h3><table class="result"><tr><th>Exception</th></tr><tr><td><div class="stacktrace">java.lang.Throwable: Method TC_DonatePageTest_003.verify_Education_Text()[pri:0, instance:org.hhp.testCases.TC_DonatePageTest_003@418e7838] depends on not successfully finished methods
	at java.base/java.util.ArrayList.forEach(ArrayList.java:1511)
... Removed 22 stack frames</div></td></tr></table><p class="totop"><a href="#summary">back to summary</a></p>
<h3 id="m32">org.hhp.testCases.TC_DonatePageTest_003#verify_Equality_Image</h3><table class="result"><tr><th>Exception</th></tr><tr><td><div class="stacktrace">java.lang.Throwable: Method TC_DonatePageTest_003.verify_Equality_Image()[pri:0, instance:org.hhp.testCases.TC_DonatePageTest_003@418e7838] depends on not successfully finished methods
	at java.base/java.util.ArrayList.forEach(ArrayList.java:1511)
... Removed 22 stack frames</div></td></tr></table><p class="totop"><a href="#summary">back to summary</a></p>
<h3 id="m33">org.hhp.testCases.TC_DonatePageTest_003#verify_GiveToday_Btn</h3><table class="result"><tr><th>Exception</th></tr><tr><td><div class="stacktrace">java.lang.Throwable: Method TC_DonatePageTest_003.verify_GiveToday_Btn()[pri:0, instance:org.hhp.testCases.TC_DonatePageTest_003@418e7838] depends on not successfully finished methods
	at java.base/java.util.ArrayList.forEach(ArrayList.java:1511)
... Removed 22 stack frames</div></td></tr></table><p class="totop"><a href="#summary">back to summary</a></p>
<h3 id="m34">org.hhp.testCases.TC_DonatePageTest_003#verify_GiveToday_Image</h3><table class="result"><tr><th>Exception</th></tr><tr><td><div class="stacktrace">java.lang.Throwable: Method TC_DonatePageTest_003.verify_GiveToday_Image()[pri:0, instance:org.hhp.testCases.TC_DonatePageTest_003@418e7838] depends on not successfully finished methods
	at java.base/java.util.ArrayList.forEach(ArrayList.java:1511)
... Removed 22 stack frames</div></td></tr></table><p class="totop"><a href="#summary">back to summary</a></p>
<h3 id="m35">org.hhp.testCases.TC_DonatePageTest_003#verify_Information_Image</h3><table class="result"><tr><th>Exception</th></tr><tr><td><div class="stacktrace">java.lang.Throwable: Method TC_DonatePageTest_003.verify_Information_Image()[pri:0, instance:org.hhp.testCases.TC_DonatePageTest_003@418e7838] depends on not successfully finished methods
	at java.base/java.util.ArrayList.forEach(ArrayList.java:1511)
... Removed 22 stack frames</div></td></tr></table><p class="totop"><a href="#summary">back to summary</a></p>
<h3 id="m36">org.hhp.testCases.TC_DonatePageTest_003#verify_Information_Text</h3><table class="result"><tr><th>Exception</th></tr><tr><td><div class="stacktrace">java.lang.Throwable: Method TC_DonatePageTest_003.verify_Information_Text()[pri:0, instance:org.hhp.testCases.TC_DonatePageTest_003@418e7838] depends on not successfully finished methods
	at java.base/java.util.ArrayList.forEach(ArrayList.java:1511)
... Removed 22 stack frames</div></td></tr></table><p class="totop"><a href="#summary">back to summary</a></p>
<h3 id="m37">org.hhp.testCases.TC_DonatePageTest_003#verify_Row1_Column1_Text1</h3><table class="result"><tr><th>Exception</th></tr><tr><td><div class="stacktrace">java.lang.Throwable: Method TC_DonatePageTest_003.verify_Row1_Column1_Text1()[pri:0, instance:org.hhp.testCases.TC_DonatePageTest_003@418e7838] depends on not successfully finished methods
	at java.base/java.util.ArrayList.forEach(ArrayList.java:1511)
... Removed 22 stack frames</div></td></tr></table><p class="totop"><a href="#summary">back to summary</a></p>
<h3 id="m38">org.hhp.testCases.TC_DonatePageTest_003#verify_Row1_Column1_Text2</h3><table class="result"><tr><th>Exception</th></tr><tr><td><div class="stacktrace">java.lang.Throwable: Method TC_DonatePageTest_003.verify_Row1_Column1_Text2()[pri:0, instance:org.hhp.testCases.TC_DonatePageTest_003@418e7838] depends on not successfully finished methods
	at java.base/java.util.ArrayList.forEach(ArrayList.java:1511)
... Removed 22 stack frames</div></td></tr></table><p class="totop"><a href="#summary">back to summary</a></p>
<h3 id="m39">org.hhp.testCases.TC_DonatePageTest_003#verify_Row3_Text</h3><table class="result"><tr><th>Exception</th></tr><tr><td><div class="stacktrace">java.lang.Throwable: Method TC_DonatePageTest_003.verify_Row3_Text()[pri:0, instance:org.hhp.testCases.TC_DonatePageTest_003@418e7838] depends on not successfully finished methods
	at java.base/java.util.ArrayList.forEach(ArrayList.java:1511)
... Removed 22 stack frames</div></td></tr></table><p class="totop"><a href="#summary">back to summary</a></p>
<h3 id="m40">org.hhp.testCases.TC_DonatePageTest_003#verify_Support_Image</h3><table class="result"><tr><th>Exception</th></tr><tr><td><div class="stacktrace">java.lang.Throwable: Method TC_DonatePageTest_003.verify_Support_Image()[pri:0, instance:org.hhp.testCases.TC_DonatePageTest_003@418e7838] depends on not successfully finished methods
	at java.base/java.util.ArrayList.forEach(ArrayList.java:1511)
... Removed 22 stack frames</div></td></tr></table><p class="totop"><a href="#summary">back to summary</a></p>
<h3 id="m41">org.hhp.testCases.TC_DonatePageTest_003#verify_Support_Text</h3><table class="result"><tr><th>Exception</th></tr><tr><td><div class="stacktrace">java.lang.Throwable: Method TC_DonatePageTest_003.verify_Support_Text()[pri:0, instance:org.hhp.testCases.TC_DonatePageTest_003@418e7838] depends on not successfully finished methods
	at java.base/java.util.ArrayList.forEach(ArrayList.java:1511)
... Removed 22 stack frames</div></td></tr></table><p class="totop"><a href="#summary">back to summary</a></p>
</body>
</html>
