<?xml version="1.0" encoding="UTF-8"?>
<testsuite xmlns:xsi="http://www.w3.org/2001/XMLSchema-instance" xsi:noNamespaceSchemaLocation="https://maven.apache.org/surefire/maven-surefire-plugin/xsd/surefire-test-report.xsd" name="TestSuite" time="3.363" tests="42" errors="0" skipped="41" failures="1">
  <properties>
    <property name="java.specification.version" value="17"/>
    <property name="sun.cpu.isalist" value="amd64"/>
    <property name="sun.jnu.encoding" value="Cp1252"/>
    <property name="java.class.path" value="C:\Eclipse Workspace\HHP-AutomationTesting\hhp\target\test-classes;C:\Eclipse Workspace\HHP-AutomationTesting\hhp\target\classes;C:\Users\USER\.m2\repository\junit\junit\4.11\junit-4.11.jar;C:\Users\USER\.m2\repository\org\hamcrest\hamcrest-core\1.3\hamcrest-core-1.3.jar;C:\Users\USER\.m2\repository\org\seleniumhq\selenium\selenium-java\3.14.0\selenium-java-3.14.0.jar;C:\Users\USER\.m2\repository\org\seleniumhq\selenium\selenium-api\3.14.0\selenium-api-3.14.0.jar;C:\Users\USER\.m2\repository\org\seleniumhq\selenium\selenium-chrome-driver\3.14.0\selenium-chrome-driver-3.14.0.jar;C:\Users\USER\.m2\repository\org\seleniumhq\selenium\selenium-edge-driver\3.14.0\selenium-edge-driver-3.14.0.jar;C:\Users\USER\.m2\repository\org\seleniumhq\selenium\selenium-firefox-driver\3.14.0\selenium-firefox-driver-3.14.0.jar;C:\Users\USER\.m2\repository\org\seleniumhq\selenium\selenium-ie-driver\3.14.0\selenium-ie-driver-3.14.0.jar;C:\Users\USER\.m2\repository\org\seleniumhq\selenium\selenium-opera-driver\3.14.0\selenium-opera-driver-3.14.0.jar;C:\Users\USER\.m2\repository\org\seleniumhq\selenium\selenium-remote-driver\3.14.0\selenium-remote-driver-3.14.0.jar;C:\Users\USER\.m2\repository\org\seleniumhq\selenium\selenium-safari-driver\3.14.0\selenium-safari-driver-3.14.0.jar;C:\Users\USER\.m2\repository\org\seleniumhq\selenium\selenium-support\3.14.0\selenium-support-3.14.0.jar;C:\Users\USER\.m2\repository\net\bytebuddy\byte-buddy\1.8.15\byte-buddy-1.8.15.jar;C:\Users\USER\.m2\repository\org\apache\commons\commons-exec\1.3\commons-exec-1.3.jar;C:\Users\USER\.m2\repository\commons-codec\commons-codec\1.10\commons-codec-1.10.jar;C:\Users\USER\.m2\repository\commons-logging\commons-logging\1.2\commons-logging-1.2.jar;C:\Users\USER\.m2\repository\com\google\guava\guava\25.0-jre\guava-25.0-jre.jar;C:\Users\USER\.m2\repository\com\google\code\findbugs\jsr305\1.3.9\jsr305-1.3.9.jar;C:\Users\USER\.m2\repository\org\checkerframework\checker-compat-qual\2.0.0\checker-compat-qual-2.0.0.jar;C:\Users\USER\.m2\repository\com\google\errorprone\error_prone_annotations\2.1.3\error_prone_annotations-2.1.3.jar;C:\Users\USER\.m2\repository\com\google\j2objc\j2objc-annotations\1.1\j2objc-annotations-1.1.jar;C:\Users\USER\.m2\repository\org\codehaus\mojo\animal-sniffer-annotations\1.14\animal-sniffer-annotations-1.14.jar;C:\Users\USER\.m2\repository\org\apache\httpcomponents\httpclient\4.5.5\httpclient-4.5.5.jar;C:\Users\USER\.m2\repository\org\apache\httpcomponents\httpcore\4.4.9\httpcore-4.4.9.jar;C:\Users\USER\.m2\repository\com\squareup\okhttp3\okhttp\3.10.0\okhttp-3.10.0.jar;C:\Users\USER\.m2\repository\com\squareup\okio\okio\1.14.1\okio-1.14.1.jar;C:\Users\USER\.m2\repository\org\testng\testng\7.4.0\testng-7.4.0.jar;C:\Users\USER\.m2\repository\com\beust\jcommander\1.78\jcommander-1.78.jar;C:\Users\USER\.m2\repository\org\webjars\jquery\3.5.1\jquery-3.5.1.jar;C:\Users\USER\.m2\repository\org\apache\poi\poi\5.0.0\poi-5.0.0.jar;C:\Users\USER\.m2\repository\org\slf4j\slf4j-api\1.7.30\slf4j-api-1.7.30.jar;C:\Users\USER\.m2\repository\org\slf4j\jcl-over-slf4j\1.7.30\jcl-over-slf4j-1.7.30.jar;C:\Users\USER\.m2\repository\org\apache\commons\commons-collections4\4.4\commons-collections4-4.4.jar;C:\Users\USER\.m2\repository\org\apache\commons\commons-math3\3.6.1\commons-math3-3.6.1.jar;C:\Users\USER\.m2\repository\com\zaxxer\SparseBitSet\1.2\SparseBitSet-1.2.jar;C:\Users\USER\.m2\repository\org\apache\poi\poi-ooxml\5.0.0\poi-ooxml-5.0.0.jar;C:\Users\USER\.m2\repository\org\apache\poi\poi-ooxml-lite\5.0.0\poi-ooxml-lite-5.0.0.jar;C:\Users\USER\.m2\repository\org\apache\xmlbeans\xmlbeans\4.0.0\xmlbeans-4.0.0.jar;C:\Users\USER\.m2\repository\org\apache\commons\commons-compress\1.20\commons-compress-1.20.jar;C:\Users\USER\.m2\repository\com\github\virtuald\curvesapi\1.06\curvesapi-1.06.jar;C:\Users\USER\.m2\repository\org\bouncycastle\bcpkix-jdk15on\1.68\bcpkix-jdk15on-1.68.jar;C:\Users\USER\.m2\repository\org\bouncycastle\bcprov-jdk15on\1.68\bcprov-jdk15on-1.68.jar;C:\Users\USER\.m2\repository\org\apache\santuario\xmlsec\2.2.1\xmlsec-2.2.1.jar;C:\Users\USER\.m2\repository\com\fasterxml\woodstox\woodstox-core\5.2.1\woodstox-core-5.2.1.jar;C:\Users\USER\.m2\repository\org\codehaus\woodstox\stax2-api\4.2\stax2-api-4.2.jar;C:\Users\USER\.m2\repository\jakarta\xml\bind\jakarta.xml.bind-api\2.3.2\jakarta.xml.bind-api-2.3.2.jar;C:\Users\USER\.m2\repository\jakarta\activation\jakarta.activation-api\1.2.1\jakarta.activation-api-1.2.1.jar;C:\Users\USER\.m2\repository\org\apache\xmlgraphics\batik-all\1.13\batik-all-1.13.jar;C:\Users\USER\.m2\repository\org\apache\xmlgraphics\batik-anim\1.13\batik-anim-1.13.jar;C:\Users\USER\.m2\repository\org\apache\xmlgraphics\batik-shared-resources\1.13\batik-shared-resources-1.13.jar;C:\Users\USER\.m2\repository\xml-apis\xml-apis-ext\1.3.04\xml-apis-ext-1.3.04.jar;C:\Users\USER\.m2\repository\org\apache\xmlgraphics\batik-awt-util\1.13\batik-awt-util-1.13.jar;C:\Users\USER\.m2\repository\org\apache\xmlgraphics\xmlgraphics-commons\2.4\xmlgraphics-commons-2.4.jar;C:\Users\USER\.m2\repository\org\apache\xmlgraphics\batik-bridge\1.13\batik-bridge-1.13.jar;C:\Users\USER\.m2\repository\org\apache\xmlgraphics\batik-codec\1.13\batik-codec-1.13.jar;C:\Users\USER\.m2\repository\org\apache\xmlgraphics\batik-constants\1.13\batik-constants-1.13.jar;C:\Users\USER\.m2\repository\org\apache\xmlgraphics\batik-css\1.13\batik-css-1.13.jar;C:\Users\USER\.m2\repository\org\apache\xmlgraphics\batik-dom\1.13\batik-dom-1.13.jar;C:\Users\USER\.m2\repository\xalan\xalan\2.7.2\xalan-2.7.2.jar;C:\Users\USER\.m2\repository\xalan\serializer\2.7.2\serializer-2.7.2.jar;C:\Users\USER\.m2\repository\xml-apis\xml-apis\1.4.01\xml-apis-1.4.01.jar;C:\Users\USER\.m2\repository\org\apache\xmlgraphics\batik-ext\1.13\batik-ext-1.13.jar;C:\Users\USER\.m2\repository\org\apache\xmlgraphics\batik-extension\1.13\batik-extension-1.13.jar;C:\Users\USER\.m2\repository\org\apache\xmlgraphics\batik-gui-util\1.13\batik-gui-util-1.13.jar;C:\Users\USER\.m2\repository\org\apache\xmlgraphics\batik-gvt\1.13\batik-gvt-1.13.jar;C:\Users\USER\.m2\repository\org\apache\xmlgraphics\batik-i18n\1.13\batik-i18n-1.13.jar;C:\Users\USER\.m2\repository\org\apache\xmlgraphics\batik-parser\1.13\batik-parser-1.13.jar;C:\Users\USER\.m2\repository\org\apache\xmlgraphics\batik-rasterizer-ext\1.13\batik-rasterizer-ext-1.13.jar;C:\Users\USER\.m2\repository\org\apache\xmlgraphics\batik-rasterizer\1.13\batik-rasterizer-1.13.jar;C:\Users\USER\.m2\repository\org\apache\xmlgraphics\batik-script\1.13\batik-script-1.13.jar;C:\Users\USER\.m2\repository\org\apache\xmlgraphics\batik-slideshow\1.13\batik-slideshow-1.13.jar;C:\Users\USER\.m2\repository\org\apache\xmlgraphics\batik-squiggle-ext\1.13\batik-squiggle-ext-1.13.jar;C:\Users\USER\.m2\repository\org\apache\xmlgraphics\batik-squiggle\1.13\batik-squiggle-1.13.jar;C:\Users\USER\.m2\repository\org\apache\xmlgraphics\batik-svg-dom\1.13\batik-svg-dom-1.13.jar;C:\Users\USER\.m2\repository\org\apache\xmlgraphics\batik-svgbrowser\1.13\batik-svgbrowser-1.13.jar;C:\Users\USER\.m2\repository\org\apache\xmlgraphics\batik-svggen\1.13\batik-svggen-1.13.jar;C:\Users\USER\.m2\repository\org\apache\xmlgraphics\batik-svgpp\1.13\batik-svgpp-1.13.jar;C:\Users\USER\.m2\repository\org\apache\xmlgraphics\batik-svgrasterizer\1.13\batik-svgrasterizer-1.13.jar;C:\Users\USER\.m2\repository\org\apache\xmlgraphics\batik-swing\1.13\batik-swing-1.13.jar;C:\Users\USER\.m2\repository\org\apache\xmlgraphics\batik-transcoder\1.13\batik-transcoder-1.13.jar;C:\Users\USER\.m2\repository\org\apache\xmlgraphics\batik-util\1.13\batik-util-1.13.jar;C:\Users\USER\.m2\repository\org\apache\xmlgraphics\batik-ttf2svg\1.13\batik-ttf2svg-1.13.jar;C:\Users\USER\.m2\repository\org\apache\xmlgraphics\batik-xml\1.13\batik-xml-1.13.jar;C:\Users\USER\.m2\repository\de\rototor\pdfbox\graphics2d\0.30\graphics2d-0.30.jar;C:\Users\USER\.m2\repository\org\apache\pdfbox\pdfbox\2.0.22\pdfbox-2.0.22.jar;C:\Users\USER\.m2\repository\org\apache\pdfbox\fontbox\2.0.22\fontbox-2.0.22.jar;C:\Users\USER\.m2\repository\org\apache\commons\commons-lang3\3.0\commons-lang3-3.0.jar;C:\Users\USER\.m2\repository\commons-io\commons-io\1.3.2\commons-io-1.3.2.jar;C:\Users\USER\.m2\repository\log4j\log4j\1.2.17\log4j-1.2.17.jar;"/>
    <property name="java.vm.vendor" value="Oracle Corporation"/>
    <property name="sun.arch.data.model" value="64"/>
    <property name="user.variant" value=""/>
    <property name="java.vendor.url" value="https://java.oracle.com/"/>
    <property name="user.timezone" value="America/Los_Angeles"/>
    <property name="os.name" value="Windows 10"/>
    <property name="java.vm.specification.version" value="17"/>
    <property name="sun.java.launcher" value="SUN_STANDARD"/>
    <property name="user.country" value="IN"/>
    <property name="sun.boot.library.path" value="C:\Program Files\Java\jdk-17\bin"/>
    <property name="sun.java.command" value="C:\Users\USER\AppData\Local\Temp\surefire10734296038293250821\surefirebooter13580796672680102843.jar C:\Users\USER\AppData\Local\Temp\surefire10734296038293250821 2022-04-04T16-38-15_703-jvmRun1 surefire3050914139204281316tmp surefire_01179616911984143815tmp"/>
    <property name="jdk.debug" value="release"/>
    <property name="surefire.test.class.path" value="C:\Eclipse Workspace\HHP-AutomationTesting\hhp\target\test-classes;C:\Eclipse Workspace\HHP-AutomationTesting\hhp\target\classes;C:\Users\USER\.m2\repository\junit\junit\4.11\junit-4.11.jar;C:\Users\USER\.m2\repository\org\hamcrest\hamcrest-core\1.3\hamcrest-core-1.3.jar;C:\Users\USER\.m2\repository\org\seleniumhq\selenium\selenium-java\3.14.0\selenium-java-3.14.0.jar;C:\Users\USER\.m2\repository\org\seleniumhq\selenium\selenium-api\3.14.0\selenium-api-3.14.0.jar;C:\Users\USER\.m2\repository\org\seleniumhq\selenium\selenium-chrome-driver\3.14.0\selenium-chrome-driver-3.14.0.jar;C:\Users\USER\.m2\repository\org\seleniumhq\selenium\selenium-edge-driver\3.14.0\selenium-edge-driver-3.14.0.jar;C:\Users\USER\.m2\repository\org\seleniumhq\selenium\selenium-firefox-driver\3.14.0\selenium-firefox-driver-3.14.0.jar;C:\Users\USER\.m2\repository\org\seleniumhq\selenium\selenium-ie-driver\3.14.0\selenium-ie-driver-3.14.0.jar;C:\Users\USER\.m2\repository\org\seleniumhq\selenium\selenium-opera-driver\3.14.0\selenium-opera-driver-3.14.0.jar;C:\Users\USER\.m2\repository\org\seleniumhq\selenium\selenium-remote-driver\3.14.0\selenium-remote-driver-3.14.0.jar;C:\Users\USER\.m2\repository\org\seleniumhq\selenium\selenium-safari-driver\3.14.0\selenium-safari-driver-3.14.0.jar;C:\Users\USER\.m2\repository\org\seleniumhq\selenium\selenium-support\3.14.0\selenium-support-3.14.0.jar;C:\Users\USER\.m2\repository\net\bytebuddy\byte-buddy\1.8.15\byte-buddy-1.8.15.jar;C:\Users\USER\.m2\repository\org\apache\commons\commons-exec\1.3\commons-exec-1.3.jar;C:\Users\USER\.m2\repository\commons-codec\commons-codec\1.10\commons-codec-1.10.jar;C:\Users\USER\.m2\repository\commons-logging\commons-logging\1.2\commons-logging-1.2.jar;C:\Users\USER\.m2\repository\com\google\guava\guava\25.0-jre\guava-25.0-jre.jar;C:\Users\USER\.m2\repository\com\google\code\findbugs\jsr305\1.3.9\jsr305-1.3.9.jar;C:\Users\USER\.m2\repository\org\checkerframework\checker-compat-qual\2.0.0\checker-compat-qual-2.0.0.jar;C:\Users\USER\.m2\repository\com\google\errorprone\error_prone_annotations\2.1.3\error_prone_annotations-2.1.3.jar;C:\Users\USER\.m2\repository\com\google\j2objc\j2objc-annotations\1.1\j2objc-annotations-1.1.jar;C:\Users\USER\.m2\repository\org\codehaus\mojo\animal-sniffer-annotations\1.14\animal-sniffer-annotations-1.14.jar;C:\Users\USER\.m2\repository\org\apache\httpcomponents\httpclient\4.5.5\httpclient-4.5.5.jar;C:\Users\USER\.m2\repository\org\apache\httpcomponents\httpcore\4.4.9\httpcore-4.4.9.jar;C:\Users\USER\.m2\repository\com\squareup\okhttp3\okhttp\3.10.0\okhttp-3.10.0.jar;C:\Users\USER\.m2\repository\com\squareup\okio\okio\1.14.1\okio-1.14.1.jar;C:\Users\USER\.m2\repository\org\testng\testng\7.4.0\testng-7.4.0.jar;C:\Users\USER\.m2\repository\com\beust\jcommander\1.78\jcommander-1.78.jar;C:\Users\USER\.m2\repository\org\webjars\jquery\3.5.1\jquery-3.5.1.jar;C:\Users\USER\.m2\repository\org\apache\poi\poi\5.0.0\poi-5.0.0.jar;C:\Users\USER\.m2\repository\org\slf4j\slf4j-api\1.7.30\slf4j-api-1.7.30.jar;C:\Users\USER\.m2\repository\org\slf4j\jcl-over-slf4j\1.7.30\jcl-over-slf4j-1.7.30.jar;C:\Users\USER\.m2\repository\org\apache\commons\commons-collections4\4.4\commons-collections4-4.4.jar;C:\Users\USER\.m2\repository\org\apache\commons\commons-math3\3.6.1\commons-math3-3.6.1.jar;C:\Users\USER\.m2\repository\com\zaxxer\SparseBitSet\1.2\SparseBitSet-1.2.jar;C:\Users\USER\.m2\repository\org\apache\poi\poi-ooxml\5.0.0\poi-ooxml-5.0.0.jar;C:\Users\USER\.m2\repository\org\apache\poi\poi-ooxml-lite\5.0.0\poi-ooxml-lite-5.0.0.jar;C:\Users\USER\.m2\repository\org\apache\xmlbeans\xmlbeans\4.0.0\xmlbeans-4.0.0.jar;C:\Users\USER\.m2\repository\org\apache\commons\commons-compress\1.20\commons-compress-1.20.jar;C:\Users\USER\.m2\repository\com\github\virtuald\curvesapi\1.06\curvesapi-1.06.jar;C:\Users\USER\.m2\repository\org\bouncycastle\bcpkix-jdk15on\1.68\bcpkix-jdk15on-1.68.jar;C:\Users\USER\.m2\repository\org\bouncycastle\bcprov-jdk15on\1.68\bcprov-jdk15on-1.68.jar;C:\Users\USER\.m2\repository\org\apache\santuario\xmlsec\2.2.1\xmlsec-2.2.1.jar;C:\Users\USER\.m2\repository\com\fasterxml\woodstox\woodstox-core\5.2.1\woodstox-core-5.2.1.jar;C:\Users\USER\.m2\repository\org\codehaus\woodstox\stax2-api\4.2\stax2-api-4.2.jar;C:\Users\USER\.m2\repository\jakarta\xml\bind\jakarta.xml.bind-api\2.3.2\jakarta.xml.bind-api-2.3.2.jar;C:\Users\USER\.m2\repository\jakarta\activation\jakarta.activation-api\1.2.1\jakarta.activation-api-1.2.1.jar;C:\Users\USER\.m2\repository\org\apache\xmlgraphics\batik-all\1.13\batik-all-1.13.jar;C:\Users\USER\.m2\repository\org\apache\xmlgraphics\batik-anim\1.13\batik-anim-1.13.jar;C:\Users\USER\.m2\repository\org\apache\xmlgraphics\batik-shared-resources\1.13\batik-shared-resources-1.13.jar;C:\Users\USER\.m2\repository\xml-apis\xml-apis-ext\1.3.04\xml-apis-ext-1.3.04.jar;C:\Users\USER\.m2\repository\org\apache\xmlgraphics\batik-awt-util\1.13\batik-awt-util-1.13.jar;C:\Users\USER\.m2\repository\org\apache\xmlgraphics\xmlgraphics-commons\2.4\xmlgraphics-commons-2.4.jar;C:\Users\USER\.m2\repository\org\apache\xmlgraphics\batik-bridge\1.13\batik-bridge-1.13.jar;C:\Users\USER\.m2\repository\org\apache\xmlgraphics\batik-codec\1.13\batik-codec-1.13.jar;C:\Users\USER\.m2\repository\org\apache\xmlgraphics\batik-constants\1.13\batik-constants-1.13.jar;C:\Users\USER\.m2\repository\org\apache\xmlgraphics\batik-css\1.13\batik-css-1.13.jar;C:\Users\USER\.m2\repository\org\apache\xmlgraphics\batik-dom\1.13\batik-dom-1.13.jar;C:\Users\USER\.m2\repository\xalan\xalan\2.7.2\xalan-2.7.2.jar;C:\Users\USER\.m2\repository\xalan\serializer\2.7.2\serializer-2.7.2.jar;C:\Users\USER\.m2\repository\xml-apis\xml-apis\1.4.01\xml-apis-1.4.01.jar;C:\Users\USER\.m2\repository\org\apache\xmlgraphics\batik-ext\1.13\batik-ext-1.13.jar;C:\Users\USER\.m2\repository\org\apache\xmlgraphics\batik-extension\1.13\batik-extension-1.13.jar;C:\Users\USER\.m2\repository\org\apache\xmlgraphics\batik-gui-util\1.13\batik-gui-util-1.13.jar;C:\Users\USER\.m2\repository\org\apache\xmlgraphics\batik-gvt\1.13\batik-gvt-1.13.jar;C:\Users\USER\.m2\repository\org\apache\xmlgraphics\batik-i18n\1.13\batik-i18n-1.13.jar;C:\Users\USER\.m2\repository\org\apache\xmlgraphics\batik-parser\1.13\batik-parser-1.13.jar;C:\Users\USER\.m2\repository\org\apache\xmlgraphics\batik-rasterizer-ext\1.13\batik-rasterizer-ext-1.13.jar;C:\Users\USER\.m2\repository\org\apache\xmlgraphics\batik-rasterizer\1.13\batik-rasterizer-1.13.jar;C:\Users\USER\.m2\repository\org\apache\xmlgraphics\batik-script\1.13\batik-script-1.13.jar;C:\Users\USER\.m2\repository\org\apache\xmlgraphics\batik-slideshow\1.13\batik-slideshow-1.13.jar;C:\Users\USER\.m2\repository\org\apache\xmlgraphics\batik-squiggle-ext\1.13\batik-squiggle-ext-1.13.jar;C:\Users\USER\.m2\repository\org\apache\xmlgraphics\batik-squiggle\1.13\batik-squiggle-1.13.jar;C:\Users\USER\.m2\repository\org\apache\xmlgraphics\batik-svg-dom\1.13\batik-svg-dom-1.13.jar;C:\Users\USER\.m2\repository\org\apache\xmlgraphics\batik-svgbrowser\1.13\batik-svgbrowser-1.13.jar;C:\Users\USER\.m2\repository\org\apache\xmlgraphics\batik-svggen\1.13\batik-svggen-1.13.jar;C:\Users\USER\.m2\repository\org\apache\xmlgraphics\batik-svgpp\1.13\batik-svgpp-1.13.jar;C:\Users\USER\.m2\repository\org\apache\xmlgraphics\batik-svgrasterizer\1.13\batik-svgrasterizer-1.13.jar;C:\Users\USER\.m2\repository\org\apache\xmlgraphics\batik-swing\1.13\batik-swing-1.13.jar;C:\Users\USER\.m2\repository\org\apache\xmlgraphics\batik-transcoder\1.13\batik-transcoder-1.13.jar;C:\Users\USER\.m2\repository\org\apache\xmlgraphics\batik-util\1.13\batik-util-1.13.jar;C:\Users\USER\.m2\repository\org\apache\xmlgraphics\batik-ttf2svg\1.13\batik-ttf2svg-1.13.jar;C:\Users\USER\.m2\repository\org\apache\xmlgraphics\batik-xml\1.13\batik-xml-1.13.jar;C:\Users\USER\.m2\repository\de\rototor\pdfbox\graphics2d\0.30\graphics2d-0.30.jar;C:\Users\USER\.m2\repository\org\apache\pdfbox\pdfbox\2.0.22\pdfbox-2.0.22.jar;C:\Users\USER\.m2\repository\org\apache\pdfbox\fontbox\2.0.22\fontbox-2.0.22.jar;C:\Users\USER\.m2\repository\org\apache\commons\commons-lang3\3.0\commons-lang3-3.0.jar;C:\Users\USER\.m2\repository\commons-io\commons-io\1.3.2\commons-io-1.3.2.jar;C:\Users\USER\.m2\repository\log4j\log4j\1.2.17\log4j-1.2.17.jar;"/>
    <property name="sun.cpu.endian" value="little"/>
    <property name="user.home" value="C:\Users\USER"/>
    <property name="user.language" value="en"/>
    <property name="java.specification.vendor" value="Oracle Corporation"/>
    <property name="java.version.date" value="2021-09-14"/>
    <property name="java.home" value="C:\Program Files\Java\jdk-17"/>
    <property name="file.separator" value="\"/>
    <property name="basedir" value="C:\Eclipse Workspace\HHP-AutomationTesting\hhp"/>
    <property name="java.vm.compressedOopsMode" value="32-bit"/>
    <property name="line.separator" value="&#10;"/>
    <property name="java.vm.specification.vendor" value="Oracle Corporation"/>
    <property name="java.specification.name" value="Java Platform API Specification"/>
    <property name="surefire.real.class.path" value="C:\Users\USER\AppData\Local\Temp\surefire10734296038293250821\surefirebooter13580796672680102843.jar"/>
    <property name="user.script" value=""/>
    <property name="sun.management.compiler" value="HotSpot 64-Bit Tiered Compilers"/>
    <property name="java.runtime.version" value="17+35-LTS-2724"/>
    <property name="user.name" value="USER"/>
    <property name="path.separator" value=";"/>
    <property name="os.version" value="10.0"/>
    <property name="java.runtime.name" value="Java(TM) SE Runtime Environment"/>
    <property name="file.encoding" value="Cp1252"/>
    <property name="java.vm.name" value="Java HotSpot(TM) 64-Bit Server VM"/>
    <property name="localRepository" value="C:\Users\USER\.m2\repository"/>
    <property name="java.vendor.url.bug" value="https://bugreport.java.com/bugreport/"/>
    <property name="java.io.tmpdir" value="C:\Users\USER\AppData\Local\Temp\"/>
    <property name="java.version" value="17"/>
    <property name="user.dir" value="C:\Eclipse Workspace\HHP-AutomationTesting\hhp"/>
    <property name="os.arch" value="amd64"/>
    <property name="java.vm.specification.name" value="Java Virtual Machine Specification"/>
    <property name="sun.os.patch.level" value=""/>
    <property name="native.encoding" value="Cp1252"/>
    <property name="java.library.path" value="C:\Program Files\Java\jdk-17\bin;C:\WINDOWS\Sun\Java\bin;C:\WINDOWS\system32;C:\WINDOWS;C:/Program Files/Java/jdk-17/bin/server;C:/Program Files/Java/jdk-17/bin;C:\WINDOWS\system32;C:\WINDOWS;C:\WINDOWS\System32\Wbem;C:\WINDOWS\System32\WindowsPowerShell\v1.0\;C:\WINDOWS\System32\OpenSSH\;C:\Program Files\Java\jdk-17\bin;C:\apache-maven-3.8.3\bin;C:\Users\USER\AppData\Local\Microsoft\WindowsApps;C:\Users\USER\AppData\Local\GitHubDesktop\bin;C:\apache-maven-3.8.3\bin;C:\Program Files\Java\jdk-17\bin;;C:\Users\USER\Desktop;;."/>
    <property name="java.vm.info" value="mixed mode, sharing"/>
    <property name="java.vendor" value="Oracle Corporation"/>
    <property name="java.vm.version" value="17+35-LTS-2724"/>
    <property name="sun.io.unicode.encoding" value="UnicodeLittle"/>
    <property name="java.class.version" value="61.0"/>
  </properties>
  <testcase name="setup" classname="org.hhp.testCases.HeaderTest" time="2.252">
    <failure message="The driver executable does not exist: C:\Eclipse Workspace\HHP-AutomationTesting\hhp\Eclipse WorkspaceHHP-AutomationTestinghhpDriverschromedriver.exe" type="java.lang.IllegalStateException">java.lang.IllegalStateException: The driver executable does not exist: C:\Eclipse Workspace\HHP-AutomationTesting\hhp\Eclipse WorkspaceHHP-AutomationTestinghhpDriverschromedriver.exe
</failure>
  </testcase>
  <testcase name="headerSetup" classname="org.hhp.testCases.HeaderTest" time="0">
    <skipped message="The driver executable does not exist: C:\Eclipse Workspace\HHP-AutomationTesting\hhp\Eclipse WorkspaceHHP-AutomationTestinghhpDriverschromedriver.exe"/>
  </testcase>
  <testcase name="verifyHowToHelpMenu" classname="org.hhp.testCases.HeaderTest" time="0">
    <skipped message="Method HeaderTest.verifyHowToHelpMenu()[pri:0, instance:org.hhp.testCases.HeaderTest@6f96c77] depends on not successfully finished methods"/>
  </testcase>
  <testcase name="verifyLoginBtn" classname="org.hhp.testCases.HeaderTest" time="0">
    <skipped message="Method HeaderTest.verifyLoginBtn()[pri:0, instance:org.hhp.testCases.HeaderTest@6f96c77] depends on not successfully finished methods"/>
  </testcase>
  <testcase name="verifyLogo" classname="org.hhp.testCases.HeaderTest" time="0">
    <skipped message="Method HeaderTest.verifyLogo()[pri:0, instance:org.hhp.testCases.HeaderTest@6f96c77] depends on not successfully finished methods"/>
  </testcase>
  <testcase name="verifyMedDisLnk" classname="org.hhp.testCases.HeaderTest" time="0">
    <skipped message="Method HeaderTest.verifyMedDisLnk()[pri:0, instance:org.hhp.testCases.HeaderTest@6f96c77] depends on not successfully finished methods"/>
  </testcase>
  <testcase name="verifyNewsMenu" classname="org.hhp.testCases.HeaderTest" time="0">
    <skipped message="Method HeaderTest.verifyNewsMenu()[pri:0, instance:org.hhp.testCases.HeaderTest@6f96c77] depends on not successfully finished methods"/>
  </testcase>
  <testcase name="verifyWhatWeDoLnk" classname="org.hhp.testCases.HeaderTest" time="0">
    <skipped message="Method HeaderTest.verifyWhatWeDoLnk()[pri:0, instance:org.hhp.testCases.HeaderTest@6f96c77] depends on not successfully finished methods"/>
  </testcase>
  <testcase name="verifyWhoWeAreLnk" classname="org.hhp.testCases.HeaderTest" time="0">
    <skipped message="Method HeaderTest.verifyWhoWeAreLnk()[pri:0, instance:org.hhp.testCases.HeaderTest@6f96c77] depends on not successfully finished methods"/>
  </testcase>
  <testcase name="verifyWhyHHPMenu" classname="org.hhp.testCases.HeaderTest" time="0">
    <skipped message="Method HeaderTest.verifyWhyHHPMenu()[pri:0, instance:org.hhp.testCases.HeaderTest@6f96c77] depends on not successfully finished methods"/>
  </testcase>
  <testcase name="logoClickTest" classname="org.hhp.testCases.HeaderTest" time="0">
    <skipped message="Method HeaderTest.logoClickTest()[pri:0, instance:org.hhp.testCases.HeaderTest@6f96c77] depends on not successfully finished methods"/>
  </testcase>
  <testcase name="donatePageSetup" classname="org.hhp.testCases.TC_DonatePageTest_003" time="0">
    <skipped message="The driver executable does not exist: C:\Eclipse Workspace\HHP-AutomationTesting\hhp\Eclipse WorkspaceHHP-AutomationTestinghhpDriverschromedriver.exe"/>
  </testcase>
  <testcase name="verify_Education_Image" classname="org.hhp.testCases.TC_DonatePageTest_003" time="0">
    <skipped message="Method TC_DonatePageTest_003.verify_Education_Image()[pri:0, instance:org.hhp.testCases.TC_DonatePageTest_003@418e7838] depends on not successfully finished methods"/>
  </testcase>
  <testcase name="verify_Education_Text" classname="org.hhp.testCases.TC_DonatePageTest_003" time="0">
    <skipped message="Method TC_DonatePageTest_003.verify_Education_Text()[pri:0, instance:org.hhp.testCases.TC_DonatePageTest_003@418e7838] depends on not successfully finished methods"/>
  </testcase>
  <testcase name="verify_Equality_Image" classname="org.hhp.testCases.TC_DonatePageTest_003" time="0">
    <skipped message="Method TC_DonatePageTest_003.verify_Equality_Image()[pri:0, instance:org.hhp.testCases.TC_DonatePageTest_003@418e7838] depends on not successfully finished methods"/>
  </testcase>
  <testcase name="verify_GiveToday_Btn" classname="org.hhp.testCases.TC_DonatePageTest_003" time="0">
    <skipped message="Method TC_DonatePageTest_003.verify_GiveToday_Btn()[pri:0, instance:org.hhp.testCases.TC_DonatePageTest_003@418e7838] depends on not successfully finished methods"/>
  </testcase>
  <testcase name="verify_GiveToday_Image" classname="org.hhp.testCases.TC_DonatePageTest_003" time="0">
    <skipped message="Method TC_DonatePageTest_003.verify_GiveToday_Image()[pri:0, instance:org.hhp.testCases.TC_DonatePageTest_003@418e7838] depends on not successfully finished methods"/>
  </testcase>
  <testcase name="verify_Information_Image" classname="org.hhp.testCases.TC_DonatePageTest_003" time="0">
    <skipped message="Method TC_DonatePageTest_003.verify_Information_Image()[pri:0, instance:org.hhp.testCases.TC_DonatePageTest_003@418e7838] depends on not successfully finished methods"/>
  </testcase>
  <testcase name="verify_Information_Text" classname="org.hhp.testCases.TC_DonatePageTest_003" time="0">
    <skipped message="Method TC_DonatePageTest_003.verify_Information_Text()[pri:0, instance:org.hhp.testCases.TC_DonatePageTest_003@418e7838] depends on not successfully finished methods"/>
  </testcase>
  <testcase name="verify_Row1_Column1_Text1" classname="org.hhp.testCases.TC_DonatePageTest_003" time="0">
    <skipped message="Method TC_DonatePageTest_003.verify_Row1_Column1_Text1()[pri:0, instance:org.hhp.testCases.TC_DonatePageTest_003@418e7838] depends on not successfully finished methods"/>
  </testcase>
  <testcase name="verify_Row1_Column1_Text2" classname="org.hhp.testCases.TC_DonatePageTest_003" time="0">
    <skipped message="Method TC_DonatePageTest_003.verify_Row1_Column1_Text2()[pri:0, instance:org.hhp.testCases.TC_DonatePageTest_003@418e7838] depends on not successfully finished methods"/>
  </testcase>
  <testcase name="verify_Row3_Text" classname="org.hhp.testCases.TC_DonatePageTest_003" time="0">
    <skipped message="Method TC_DonatePageTest_003.verify_Row3_Text()[pri:0, instance:org.hhp.testCases.TC_DonatePageTest_003@418e7838] depends on not successfully finished methods"/>
  </testcase>
  <testcase name="verify_Support_Image" classname="org.hhp.testCases.TC_DonatePageTest_003" time="0">
    <skipped message="Method TC_DonatePageTest_003.verify_Support_Image()[pri:0, instance:org.hhp.testCases.TC_DonatePageTest_003@418e7838] depends on not successfully finished methods"/>
  </testcase>
  <testcase name="verify_Support_Text" classname="org.hhp.testCases.TC_DonatePageTest_003" time="0">
    <skipped message="Method TC_DonatePageTest_003.verify_Support_Text()[pri:0, instance:org.hhp.testCases.TC_DonatePageTest_003@418e7838] depends on not successfully finished methods"/>
  </testcase>
  <testcase name="footer_Setup" classname="org.hhp.testCases.FooterTest" time="0">
    <skipped message="The driver executable does not exist: C:\Eclipse Workspace\HHP-AutomationTesting\hhp\Eclipse WorkspaceHHP-AutomationTestinghhpDriverschromedriver.exe"/>
  </testcase>
  <testcase name="verify_Footer_Column1_Chart" classname="org.hhp.testCases.FooterTest" time="0">
    <skipped message="Method FooterTest.verify_Footer_Column1_Chart()[pri:0, instance:org.hhp.testCases.FooterTest@61230f6a] depends on not successfully finished methods"/>
  </testcase>
  <testcase name="verify_Footer_Column1_Title" classname="org.hhp.testCases.FooterTest" time="0">
    <skipped message="Method FooterTest.verify_Footer_Column1_Title()[pri:0, instance:org.hhp.testCases.FooterTest@61230f6a] depends on not successfully finished methods"/>
  </testcase>
  <testcase name="verify_Footer_Column2_Text" classname="org.hhp.testCases.FooterTest" time="0">
    <skipped message="Method FooterTest.verify_Footer_Column2_Text()[pri:0, instance:org.hhp.testCases.FooterTest@61230f6a] depends on not successfully finished methods"/>
  </testcase>
  <testcase name="verify_Footer_Column2_Title" classname="org.hhp.testCases.FooterTest" time="0">
    <skipped message="Method FooterTest.verify_Footer_Column2_Title()[pri:0, instance:org.hhp.testCases.FooterTest@61230f6a] depends on not successfully finished methods"/>
  </testcase>
  <testcase name="verify_Footer_Column3_Facebook_Icon" classname="org.hhp.testCases.FooterTest" time="0">
    <skipped message="Method FooterTest.verify_Footer_Column3_Facebook_Icon()[pri:0, instance:org.hhp.testCases.FooterTest@61230f6a] depends on not successfully finished methods"/>
  </testcase>
  <testcase name="verify_Footer_Column3_Instagram_Icon" classname="org.hhp.testCases.FooterTest" time="0">
    <skipped message="Method FooterTest.verify_Footer_Column3_Instagram_Icon()[pri:0, instance:org.hhp.testCases.FooterTest@61230f6a] depends on not successfully finished methods"/>
  </testcase>
  <testcase name="verify_Footer_Column3_LinkedIn_Icon" classname="org.hhp.testCases.FooterTest" time="0">
    <skipped message="Method FooterTest.verify_Footer_Column3_LinkedIn_Icon()[pri:0, instance:org.hhp.testCases.FooterTest@61230f6a] depends on not successfully finished methods"/>
  </testcase>
  <testcase name="verify_Footer_Column3_QLinks_Text" classname="org.hhp.testCases.FooterTest" time="0">
    <skipped message="Method FooterTest.verify_Footer_Column3_QLinks_Text()[pri:0, instance:org.hhp.testCases.FooterTest@61230f6a] depends on not successfully finished methods"/>
  </testcase>
  <testcase name="verify_Footer_Column3_Title" classname="org.hhp.testCases.FooterTest" time="0">
    <skipped message="Method FooterTest.verify_Footer_Column3_Title()[pri:0, instance:org.hhp.testCases.FooterTest@61230f6a] depends on not successfully finished methods"/>
  </testcase>
  <testcase name="verify_Footer_Column3_Twitter_Icon" classname="org.hhp.testCases.FooterTest" time="0">
    <skipped message="Method FooterTest.verify_Footer_Column3_Twitter_Icon()[pri:0, instance:org.hhp.testCases.FooterTest@61230f6a] depends on not successfully finished methods"/>
  </testcase>
  <testcase name="verify_Footer_ContactUs_Link" classname="org.hhp.testCases.FooterTest" time="0">
    <skipped message="Method FooterTest.verify_Footer_ContactUs_Link()[pri:0, instance:org.hhp.testCases.FooterTest@61230f6a] depends on not successfully finished methods"/>
  </testcase>
  <testcase name="verify_Footer_MedicalDisclaimer_Link" classname="org.hhp.testCases.FooterTest" time="0">
    <skipped message="Method FooterTest.verify_Footer_MedicalDisclaimer_Link()[pri:0, instance:org.hhp.testCases.FooterTest@61230f6a] depends on not successfully finished methods"/>
  </testcase>
  <testcase name="verify_Footer_PrivacyPolicy_Link" classname="org.hhp.testCases.FooterTest" time="0">
    <skipped message="Method FooterTest.verify_Footer_PrivacyPolicy_Link()[pri:0, instance:org.hhp.testCases.FooterTest@61230f6a] depends on not successfully finished methods"/>
  </testcase>
  <testcase name="verify_Footer_TermsofService_Link" classname="org.hhp.testCases.FooterTest" time="0">
    <skipped message="Method FooterTest.verify_Footer_TermsofService_Link()[pri:0, instance:org.hhp.testCases.FooterTest@61230f6a] depends on not successfully finished methods"/>
  </testcase>
  <testcase name="verify_Greatnonprofits_Image" classname="org.hhp.testCases.FooterTest" time="0">
    <skipped message="Method FooterTest.verify_Greatnonprofits_Image()[pri:0, instance:org.hhp.testCases.FooterTest@61230f6a] depends on not successfully finished methods"/>
  </testcase>
  <testcase name="verify_Guidestar_Image" classname="org.hhp.testCases.FooterTest" time="0">
    <skipped message="Method FooterTest.verify_Guidestar_Image()[pri:0, instance:org.hhp.testCases.FooterTest@61230f6a] depends on not successfully finished methods"/>
  </testcase>
  <testcase name="tearDown" classname="org.hhp.testCases.HeaderTest" time="0">
    <skipped/>
  </testcase>
</testsuite>